  RacingCar.cpp
C:\Users\likee\OneDrive\Área de Trabalho\Programming\C\RacingCar\RacingCar\olcConsoleGameEngine.h(759,13): warning C4267: 'initializing': conversion from 'size_t' to 'int', possible loss of data
  (compiling source file 'RacingCar.cpp')
  
C:\Users\likee\OneDrive\Área de Trabalho\Programming\C\RacingCar\RacingCar\olcConsoleGameEngine.h(1099,31): warning C4267: 'return': conversion from 'size_t' to 'unsigned int', possible loss of data
  (compiling source file 'RacingCar.cpp')
  
C:\Users\likee\OneDrive\Área de Trabalho\Programming\C\RacingCar\RacingCar\olcConsoleGameEngine.h(1196,4): warning C4312: 'type cast': conversion from 'DWORD' to 'olcConsoleGameEngine *' of greater size
  (compiling source file 'RacingCar.cpp')
  
C:\Users\likee\OneDrive\Área de Trabalho\Programming\C\RacingCar\RacingCar\RacingCar.cpp(81,37): warning C4244: 'argument': conversion from 'float' to '_Ty', possible loss of data
C:\Users\likee\OneDrive\Área de Trabalho\Programming\C\RacingCar\RacingCar\RacingCar.cpp(81,37): warning C4244:         with
C:\Users\likee\OneDrive\Área de Trabalho\Programming\C\RacingCar\RacingCar\RacingCar.cpp(81,37): warning C4244:         [
C:\Users\likee\OneDrive\Área de Trabalho\Programming\C\RacingCar\RacingCar\RacingCar.cpp(81,37): warning C4244:             _Ty=int
C:\Users\likee\OneDrive\Área de Trabalho\Programming\C\RacingCar\RacingCar\RacingCar.cpp(81,37): warning C4244:         ]
C:\Users\likee\OneDrive\Área de Trabalho\Programming\C\RacingCar\RacingCar\RacingCar.cpp(114,32): warning C4244: 'initializing': conversion from 'float' to 'int', possible loss of data
C:\Users\likee\OneDrive\Área de Trabalho\Programming\C\RacingCar\RacingCar\RacingCar.cpp(115,31): warning C4244: 'initializing': conversion from 'float' to 'int', possible loss of data
C:\Users\likee\OneDrive\Área de Trabalho\Programming\C\RacingCar\RacingCar\RacingCar.cpp(116,32): warning C4244: 'initializing': conversion from 'float' to 'int', possible loss of data
C:\Users\likee\OneDrive\Área de Trabalho\Programming\C\RacingCar\RacingCar\RacingCar.cpp(117,33): warning C4244: 'initializing': conversion from 'float' to 'int', possible loss of data
C:\Users\likee\OneDrive\Área de Trabalho\Programming\C\RacingCar\RacingCar\RacingCar.cpp(143,21): warning C4244: 'initializing': conversion from 'float' to 'int', possible loss of data
C:\Users\likee\OneDrive\Área de Trabalho\Programming\C\RacingCar\RacingCar\RacingCar.cpp(156,26): warning C4244: 'initializing': conversion from 'float' to 'int', possible loss of data
C:\Users\likee\OneDrive\Área de Trabalho\Programming\C\RacingCar\RacingCar\RacingCar.cpp(157,26): warning C4244: 'initializing': conversion from 'float' to 'int', possible loss of data
C:\Users\likee\OneDrive\Área de Trabalho\Programming\C\RacingCar\RacingCar\RacingCar.cpp(158,31): warning C4244: 'initializing': conversion from 'float' to 'int', possible loss of data
  RacingCar.vcxproj -> C:\Users\likee\OneDrive\Área de Trabalho\Programming\C\RacingCar\RacingCar\x64\Debug\RacingCar.exe
